{"/Users/jkwon0514/Desktop/Similar-Experiences/database/index.js": {"path":"/Users/jkwon0514/Desktop/Similar-Experiences/database/index.js","statementMap":{"0":{"start":{"line":1,"column":17},"end":{"line":1,"column":36}},"1":{"start":{"line":2,"column":0},"end":{"line":2,"column":51}},"2":{"start":{"line":3,"column":9},"end":{"line":3,"column":28}},"3":{"start":{"line":4,"column":0},"end":{"line":4,"column":65}},"4":{"start":{"line":5,"column":0},"end":{"line":7,"column":2}},"5":{"start":{"line":6,"column":4},"end":{"line":6,"column":45}},"6":{"start":{"line":9,"column":0},"end":{"line":9,"column":20}}},"fnMap":{"0":{"name":"(anonymous_0)","decl":{"start":{"line":5,"column":16},"end":{"line":5,"column":17}},"loc":{"start":{"line":5,"column":26},"end":{"line":7,"column":1}},"line":5}},"branchMap":{},"s":{"0":1,"1":1,"2":1,"3":1,"4":1,"5":0,"6":1},"f":{"0":0},"b":{},"_coverageSchema":"332fd63041d2c1bcb487cc26dd0d5f7d97098a6c","hash":"8cfc98540754df842eb7365ed365856d34d202cd"}
,"/Users/jkwon0514/Desktop/Similar-Experiences/database/models.js": {"path":"/Users/jkwon0514/Desktop/Similar-Experiences/database/models.js","statementMap":{"0":{"start":{"line":1,"column":17},"end":{"line":1,"column":36}},"1":{"start":{"line":2,"column":11},"end":{"line":2,"column":29}},"2":{"start":{"line":4,"column":23},"end":{"line":12,"column":2}},"3":{"start":{"line":14,"column":0},"end":{"line":14,"column":60}},"4":{"start":{"line":16,"column":0},"end":{"line":16,"column":31}}},"fnMap":{},"branchMap":{},"s":{"0":1,"1":1,"2":1,"3":1,"4":1},"f":{},"b":{},"_coverageSchema":"332fd63041d2c1bcb487cc26dd0d5f7d97098a6c","hash":"09865ab442737ceca94591ad9f9d14f5bc05f454"}
,"/Users/jkwon0514/Desktop/Similar-Experiences/server/controller.js": {"path":"/Users/jkwon0514/Desktop/Similar-Experiences/server/controller.js","statementMap":{"0":{"start":{"line":1,"column":21},"end":{"line":1,"column":50}},"1":{"start":{"line":3,"column":19},"end":{"line":28,"column":1}},"2":{"start":{"line":5,"column":29},"end":{"line":5,"column":38}},"3":{"start":{"line":6,"column":8},"end":{"line":11,"column":10}},"4":{"start":{"line":9,"column":12},"end":{"line":9,"column":39}},"5":{"start":{"line":9,"column":20},"end":{"line":9,"column":38}},"6":{"start":{"line":10,"column":12},"end":{"line":10,"column":40}},"7":{"start":{"line":14,"column":85},"end":{"line":14,"column":93}},"8":{"start":{"line":15,"column":8},"end":{"line":26,"column":10}},"9":{"start":{"line":24,"column":12},"end":{"line":25,"column":35}},"10":{"start":{"line":24,"column":20},"end":{"line":24,"column":38}},"11":{"start":{"line":25,"column":18},"end":{"line":25,"column":34}},"12":{"start":{"line":30,"column":0},"end":{"line":30,"column":27}}},"fnMap":{"0":{"name":"(anonymous_0)","decl":{"start":{"line":4,"column":9},"end":{"line":4,"column":10}},"loc":{"start":{"line":4,"column":22},"end":{"line":12,"column":5}},"line":4},"1":{"name":"(anonymous_1)","decl":{"start":{"line":8,"column":10},"end":{"line":8,"column":11}},"loc":{"start":{"line":8,"column":25},"end":{"line":11,"column":9}},"line":8},"2":{"name":"(anonymous_2)","decl":{"start":{"line":13,"column":10},"end":{"line":13,"column":11}},"loc":{"start":{"line":13,"column":23},"end":{"line":27,"column":5}},"line":13},"3":{"name":"(anonymous_3)","decl":{"start":{"line":23,"column":16},"end":{"line":23,"column":17}},"loc":{"start":{"line":23,"column":30},"end":{"line":26,"column":9}},"line":23}},"branchMap":{"0":{"loc":{"start":{"line":9,"column":12},"end":{"line":9,"column":39}},"type":"if","locations":[{"start":{"line":9,"column":12},"end":{"line":9,"column":39}},{"start":{"line":9,"column":12},"end":{"line":9,"column":39}}],"line":9},"1":{"loc":{"start":{"line":24,"column":12},"end":{"line":25,"column":35}},"type":"if","locations":[{"start":{"line":24,"column":12},"end":{"line":25,"column":35}},{"start":{"line":24,"column":12},"end":{"line":25,"column":35}}],"line":24}},"s":{"0":1,"1":1,"2":0,"3":0,"4":0,"5":0,"6":0,"7":0,"8":0,"9":0,"10":0,"11":0,"12":1},"f":{"0":0,"1":0,"2":0,"3":0},"b":{"0":[0,0],"1":[0,0]},"_coverageSchema":"332fd63041d2c1bcb487cc26dd0d5f7d97098a6c","hash":"84aee3d5e83e39692fd1404c5e72a880fc720c4f"}
,"/Users/jkwon0514/Desktop/Similar-Experiences/server/index.js": {"path":"/Users/jkwon0514/Desktop/Similar-Experiences/server/index.js","statementMap":{"0":{"start":{"line":1,"column":16},"end":{"line":1,"column":34}},"1":{"start":{"line":2,"column":19},"end":{"line":2,"column":41}},"2":{"start":{"line":3,"column":13},"end":{"line":3,"column":28}},"3":{"start":{"line":4,"column":11},"end":{"line":4,"column":39}},"4":{"start":{"line":5,"column":15},"end":{"line":5,"column":34}},"5":{"start":{"line":6,"column":13},"end":{"line":6,"column":28}},"6":{"start":{"line":7,"column":16},"end":{"line":7,"column":36}},"7":{"start":{"line":9,"column":12},"end":{"line":9,"column":21}},"8":{"start":{"line":10,"column":13},"end":{"line":10,"column":17}},"9":{"start":{"line":12,"column":0},"end":{"line":12,"column":15}},"10":{"start":{"line":13,"column":0},"end":{"line":13,"column":27}},"11":{"start":{"line":14,"column":0},"end":{"line":14,"column":50}},"12":{"start":{"line":15,"column":0},"end":{"line":15,"column":66}},"13":{"start":{"line":17,"column":0},"end":{"line":17,"column":23}},"14":{"start":{"line":19,"column":0},"end":{"line":21,"column":2}},"15":{"start":{"line":20,"column":4},"end":{"line":20,"column":57}},"16":{"start":{"line":23,"column":0},"end":{"line":23,"column":21}}},"fnMap":{"0":{"name":"(anonymous_0)","decl":{"start":{"line":19,"column":17},"end":{"line":19,"column":18}},"loc":{"start":{"line":19,"column":21},"end":{"line":21,"column":1}},"line":19}},"branchMap":{},"s":{"0":1,"1":1,"2":1,"3":1,"4":1,"5":1,"6":1,"7":1,"8":1,"9":1,"10":1,"11":1,"12":1,"13":1,"14":1,"15":0,"16":1},"f":{"0":0},"b":{},"_coverageSchema":"332fd63041d2c1bcb487cc26dd0d5f7d97098a6c","hash":"be26d3b51bd9102af0a1c13fbac491904a907d26"}
,"/Users/jkwon0514/Desktop/Similar-Experiences/server/router.js": {"path":"/Users/jkwon0514/Desktop/Similar-Experiences/server/router.js","statementMap":{"0":{"start":{"line":1,"column":15},"end":{"line":1,"column":42}},"1":{"start":{"line":2,"column":19},"end":{"line":2,"column":42}},"2":{"start":{"line":4,"column":0},"end":{"line":6,"column":23}},"3":{"start":{"line":8,"column":0},"end":{"line":8,"column":24}}},"fnMap":{},"branchMap":{},"s":{"0":1,"1":1,"2":1,"3":1},"f":{},"b":{},"_coverageSchema":"332fd63041d2c1bcb487cc26dd0d5f7d97098a6c","hash":"c71626b59b714bb9e30fe5994dac10e4ee768a3a"}
}
